# JRE version: Java(TM) SE Runtime Environment (8.0_181-b13) (build 1.8.0_181-b13)
# Java VM: Java HotSpot(TM) 64-Bit Server VM (25.181-b13 mixed mode linux-amd64 compressed oops)
Heap:
 PSYoungGen      total 209408K, used 88484K [0x000000076df80000, 0x000000077fb00000, 0x00000007c0000000)
  eden space 207872K, 42% used [0x000000076df80000,0x00000007734d8b30,0x000000077aa80000)
  from space 1536K, 70% used [0x000000077f980000,0x000000077fa908c8,0x000000077fb00000)
  to   space 14336K, 0% used [0x000000077df00000,0x000000077df00000,0x000000077ed00000)
 ParOldGen       total 141824K, used 17209K [0x00000006c9e00000, 0x00000006d2880000, 0x000000076df80000)
  object space 141824K, 12% used [0x00000006c9e00000,0x00000006caece410,0x00000006d2880000)
 Metaspace       used 37264K, capacity 38661K, committed 38784K, reserved 1083392K
  class space    used 4659K, capacity 4941K, committed 4992K, reserved 1048576K
GC Heap History (10 events):
Event: 750.627 GC heap before
{Heap before GC invocations=10 (full 2):
 PSYoungGen      total 165888K, used 157412K [0x000000076df80000, 0x000000077e380000, 0x00000007c0000000)
  eden space 152064K, 100% used [0x000000076df80000,0x0000000777400000,0x0000000777400000)
  from space 13824K, 38% used [0x0000000777400000,0x00000007779392b8,0x0000000778180000)
  to   space 13824K, 0% used [0x000000077d600000,0x000000077d600000,0x000000077e380000)
 ParOldGen       total 141824K, used 17169K [0x00000006c9e00000, 0x00000006d2880000, 0x000000076df80000)
  object space 141824K, 12% used [0x00000006c9e00000,0x00000006caec4410,0x00000006d2880000)
 Metaspace       used 36537K, capacity 37855K, committed 38272K, reserved 1083392K
  class space    used 4648K, capacity 4928K, committed 4992K, reserved 1048576K
Event: 750.631 GC heap after
Heap after GC invocations=10 (full 2):
 PSYoungGen      total 232960K, used 2786K [0x000000076df80000, 0x000000077da80000, 0x00000007c0000000)
  eden space 228352K, 0% used [0x000000076df80000,0x000000076df80000,0x000000077be80000)
  from space 4608K, 60% used [0x000000077d600000,0x000000077d8b88c8,0x000000077da80000)
  to   space 14336K, 0% used [0x000000077be80000,0x000000077be80000,0x000000077cc80000)
 ParOldGen       total 141824K, used 17177K [0x00000006c9e00000, 0x00000006d2880000, 0x000000076df80000)
  object space 141824K, 12% used [0x00000006c9e00000,0x00000006caec6410,0x00000006d2880000)
 Metaspace       used 36537K, capacity 37855K, committed 38272K, reserved 1083392K
  class space    used 4648K, capacity 4928K, committed 4992K, reserved 1048576K
}
Event: 1092.493 GC heap before
{Heap before GC invocations=11 (full 2):
 PSYoungGen      total 232960K, used 231138K [0x000000076df80000, 0x000000077da80000, 0x00000007c0000000)
  eden space 228352K, 100% used [0x000000076df80000,0x000000077be80000,0x000000077be80000)
  from space 4608K, 60% used [0x000000077d600000,0x000000077d8b88c8,0x000000077da80000)
  to   space 14336K, 0% used [0x000000077be80000,0x000000077be80000,0x000000077cc80000)
 ParOldGen       total 141824K, used 17177K [0x00000006c9e00000, 0x00000006d2880000, 0x000000076df80000)
  object space 141824K, 12% used [0x00000006c9e00000,0x00000006caec6410,0x00000006d2880000)
 Metaspace       used 36687K, capacity 38007K, committed 38272K, reserved 1083392K
  class space    used 4653K, capacity 4932K, committed 4992K, reserved 1048576K
Event: 1092.509 GC heap after
Heap after GC invocations=11 (full 2):
 PSYoungGen      total 242688K, used 4674K [0x000000076df80000, 0x0000000781480000, 0x00000007c0000000)
  eden space 228352K, 0% used [0x000000076df80000,0x000000076df80000,0x000000077be80000)
  from space 14336K, 32% used [0x000000077be80000,0x000000077c3108c8,0x000000077cc80000)
  to   space 14336K, 0% used [0x0000000780680000,0x0000000780680000,0x0000000781480000)
 ParOldGen       total 141824K, used 17185K [0x00000006c9e00000, 0x00000006d2880000, 0x000000076df80000)
  object space 141824K, 12% used [0x00000006c9e00000,0x00000006caec8410,0x00000006d2880000)
 Metaspace       used 36687K, capacity 38007K, committed 38272K, reserved 1083392K
  class space    used 4653K, capacity 4932K, committed 4992K, reserved 1048576K
}
Event: 1203.383 GC heap before
{Heap before GC invocations=12 (full 2):
 PSYoungGen      total 242688K, used 233026K [0x000000076df80000, 0x0000000781480000, 0x00000007c0000000)
  eden space 228352K, 100% used [0x000000076df80000,0x000000077be80000,0x000000077be80000)
  from space 14336K, 32% used [0x000000077be80000,0x000000077c3108c8,0x000000077cc80000)
  to   space 14336K, 0% used [0x0000000780680000,0x0000000780680000,0x0000000781480000)
 ParOldGen       total 141824K, used 17185K [0x00000006c9e00000, 0x00000006d2880000, 0x000000076df80000)
  object space 141824K, 12% used [0x00000006c9e00000,0x00000006caec8410,0x00000006d2880000)
 Metaspace       used 36808K, capacity 38153K, committed 38528K, reserved 1083392K
  class space    used 4655K, capacity 4935K, committed 4992K, reserved 1048576K
Event: 1203.391 GC heap after
Heap after GC invocations=12 (full 2):
 PSYoungGen      total 228352K, used 6930K [0x000000076df80000, 0x0000000780d80000, 0x00000007c0000000)
  eden space 221184K, 0% used [0x000000076df80000,0x000000076df80000,0x000000077b780000)
  from space 7168K, 96% used [0x0000000780680000,0x0000000780d449e8,0x0000000780d80000)
  to   space 13824K, 0% used [0x000000077f280000,0x000000077f280000,0x0000000780000000)
 ParOldGen       total 141824K, used 17193K [0x00000006c9e00000, 0x00000006d2880000, 0x000000076df80000)
  object space 141824K, 12% used [0x00000006c9e00000,0x00000006caeca410,0x00000006d2880000)
 Metaspace       used 36808K, capacity 38153K, committed 38528K, reserved 1083392K
  class space    used 4655K, capacity 4935K, committed 4992K, reserved 1048576K
}
Event: 1513.734 GC heap before
{Heap before GC invocations=13 (full 2):
 PSYoungGen      total 228352K, used 228114K [0x000000076df80000, 0x0000000780d80000, 0x00000007c0000000)
  eden space 221184K, 100% used [0x000000076df80000,0x000000077b780000,0x000000077b780000)
  from space 7168K, 96% used [0x0000000780680000,0x0000000780d449e8,0x0000000780d80000)
  to   space 13824K, 0% used [0x000000077f280000,0x000000077f280000,0x0000000780000000)
 ParOldGen       total 141824K, used 17193K [0x00000006c9e00000, 0x00000006d2880000, 0x000000076df80000)
  object space 141824K, 12% used [0x00000006c9e00000,0x00000006caeca410,0x00000006d2880000)
 Metaspace       used 36936K, capacity 38307K, committed 38528K, reserved 1083392K
  class space    used 4657K, capacity 4938K, committed 4992K, reserved 1048576K
Event: 1513.739 GC heap after
Heap after GC invocations=13 (full 2):
 PSYoungGen      total 216064K, used 1122K [0x000000076df80000, 0x0000000780700000, 0x00000007c0000000)
  eden space 214528K, 0% used [0x000000076df80000,0x000000076df80000,0x000000077b100000)
  from space 1536K, 73% used [0x000000077f280000,0x000000077f3988c8,0x000000077f400000)
  to   space 13824K, 0% used [0x000000077f980000,0x000000077f980000,0x0000000780700000)
 ParOldGen       total 141824K, used 17201K [0x00000006c9e00000, 0x00000006d2880000, 0x000000076df80000)
  object space 141824K, 12% used [0x00000006c9e00000,0x00000006caecc410,0x00000006d2880000)
 Metaspace       used 36936K, capacity 38307K, committed 38528K, reserved 1083392K
  class space    used 4657K, capacity 4938K, committed 4992K, reserved 1048576K
}
Event: 194013.105 GC heap before
{Heap before GC invocations=14 (full 2):
 PSYoungGen      total 216064K, used 215650K [0x000000076df80000, 0x0000000780700000, 0x00000007c0000000)
  eden space 214528K, 100% used [0x000000076df80000,0x000000077b100000,0x000000077b100000)
  from space 1536K, 73% used [0x000000077f280000,0x000000077f3988c8,0x000000077f400000)
  to   space 13824K, 0% used [0x000000077f980000,0x000000077f980000,0x0000000780700000)
 ParOldGen       total 141824K, used 17201K [0x00000006c9e00000, 0x00000006d2880000, 0x000000076df80000)
  object space 141824K, 12% used [0x00000006c9e00000,0x00000006caecc410,0x00000006d2880000)
 Metaspace       used 37248K, capacity 38649K, committed 38784K, reserved 1083392K
  class space    used 4658K, capacity 4939K, committed 4992K, reserved 1048576K
Event: 194013.107 GC heap after
Heap after GC invocations=14 (full 2):
 PSYoungGen      total 209408K, used 1090K [0x000000076df80000, 0x000000077fb00000, 0x00000007c0000000)
  eden space 207872K, 0% used [0x000000076df80000,0x000000076df80000,0x000000077aa80000)
  from space 1536K, 70% used [0x000000077f980000,0x000000077fa908c8,0x000000077fb00000)
  to   space 14336K, 0% used [0x000000077df00000,0x000000077df00000,0x000000077ed00000)
 ParOldGen       total 141824K, used 17209K [0x00000006c9e00000, 0x00000006d2880000, 0x000000076df80000)
  object space 141824K, 12% used [0x00000006c9e00000,0x00000006caece410,0x00000006d2880000)
 Metaspace       used 37248K, capacity 38649K, committed 38784K, reserved 1083392K
  class space    used 4658K, capacity 4939K, committed 4992K, reserved 1048576K
}

